<?xml version="1.0" encoding="UTF-8"?>
<coverage generated="1636994855238" clover="3.2.0">
  <project timestamp="1636994855238" name="All files">
    <metrics statements="64" coveredstatements="55" conditionals="26" coveredconditionals="18" methods="22" coveredmethods="21" elements="112" coveredelements="94" complexity="0" loc="64" ncloc="64" packages="3" files="6" classes="6"/>
    <package name="__fixtures__">
      <metrics statements="1" coveredstatements="1" conditionals="0" coveredconditionals="0" methods="0" coveredmethods="0"/>
      <file name="exercises.js" path="/home/alex/Desktop/Coding/Projects/exercise-tracker/src/__fixtures__/exercises.js">
        <metrics statements="1" coveredstatements="1" conditionals="0" coveredconditionals="0" methods="0" coveredmethods="0"/>
        <line num="1" count="3" type="stmt"/>
      </file>
    </package>
    <package name="components">
      <metrics statements="51" coveredstatements="48" conditionals="24" coveredconditionals="17" methods="17" coveredmethods="17"/>
      <file name="ExerciseForm.jsx" path="/home/alex/Desktop/Coding/Projects/exercise-tracker/src/components/ExerciseForm.jsx">
        <metrics statements="32" coveredstatements="30" conditionals="24" coveredconditionals="17" methods="8" coveredmethods="8"/>
        <line num="6" count="1" type="stmt"/>
        <line num="7" count="60" type="stmt"/>
        <line num="8" count="60" type="stmt"/>
        <line num="9" count="60" type="stmt"/>
        <line num="10" count="60" type="stmt"/>
        <line num="12" count="60" type="stmt"/>
        <line num="13" count="9" type="cond" truecount="2" falsecount="0"/>
        <line num="14" count="5" type="stmt"/>
        <line num="15" count="5" type="cond" truecount="1" falsecount="1"/>
        <line num="16" count="5" type="cond" truecount="1" falsecount="1"/>
        <line num="17" count="5" type="cond" truecount="1" falsecount="1"/>
        <line num="21" count="60" type="stmt"/>
        <line num="22" count="3" type="stmt"/>
        <line num="23" count="3" type="stmt"/>
        <line num="24" count="3" type="stmt"/>
        <line num="25" count="3" type="cond" truecount="2" falsecount="0"/>
        <line num="26" count="1" type="stmt"/>
        <line num="27" count="0" type="cond" truecount="0" falsecount="2"/>
        <line num="29" count="2" type="cond" truecount="2" falsecount="0"/>
        <line num="32" count="1" type="stmt"/>
        <line num="36" count="60" type="stmt"/>
        <line num="37" count="2" type="stmt"/>
        <line num="38" count="2" type="stmt"/>
        <line num="39" count="2" type="cond" truecount="4" falsecount="0"/>
        <line num="40" count="1" type="stmt"/>
        <line num="41" count="0" type="cond" truecount="0" falsecount="2"/>
        <line num="43" count="1" type="stmt"/>
        <line num="47" count="60" type="stmt"/>
        <line num="48" count="3" type="stmt"/>
        <line num="55" count="31" type="stmt"/>
        <line num="62" count="11" type="stmt"/>
        <line num="69" count="4" type="stmt"/>
      </file>
      <file name="ExerciseTable.jsx" path="/home/alex/Desktop/Coding/Projects/exercise-tracker/src/components/ExerciseTable.jsx">
        <metrics statements="3" coveredstatements="3" conditionals="0" coveredconditionals="0" methods="2" coveredmethods="2"/>
        <line num="4" count="2" type="stmt"/>
        <line num="5" count="4" type="stmt"/>
        <line num="20" count="8" type="stmt"/>
      </file>
      <file name="ExercisesList.jsx" path="/home/alex/Desktop/Coding/Projects/exercise-tracker/src/components/ExercisesList.jsx">
        <metrics statements="6" coveredstatements="5" conditionals="0" coveredconditionals="0" methods="2" coveredmethods="2"/>
        <line num="5" count="1" type="stmt"/>
        <line num="6" count="1" type="stmt"/>
        <line num="8" count="1" type="stmt"/>
        <line num="9" count="1" type="stmt"/>
        <line num="10" count="0" type="stmt"/>
        <line num="13" count="1" type="stmt"/>
      </file>
      <file name="LoginForm.jsx" path="/home/alex/Desktop/Coding/Projects/exercise-tracker/src/components/LoginForm.jsx">
        <metrics statements="10" coveredstatements="10" conditionals="0" coveredconditionals="0" methods="5" coveredmethods="5"/>
        <line num="3" count="1" type="stmt"/>
        <line num="4" count="54" type="stmt"/>
        <line num="5" count="54" type="stmt"/>
        <line num="7" count="54" type="stmt"/>
        <line num="10" count="1" type="stmt"/>
        <line num="17" count="24" type="stmt"/>
        <line num="26" count="24" type="stmt"/>
        <line num="33" count="1" type="stmt"/>
        <line num="34" count="1" type="stmt"/>
        <line num="35" count="1" type="stmt"/>
      </file>
    </package>
    <package name="utils">
      <metrics statements="12" coveredstatements="6" conditionals="2" coveredconditionals="1" methods="5" coveredmethods="4"/>
      <file name="exerciseAPI.js" path="/home/alex/Desktop/Coding/Projects/exercise-tracker/src/utils/exerciseAPI.js">
        <metrics statements="12" coveredstatements="6" conditionals="2" coveredconditionals="1" methods="5" coveredmethods="4"/>
        <line num="3" count="2" type="stmt"/>
        <line num="5" count="1" type="cond" truecount="1" falsecount="1"/>
        <line num="6" count="1" type="stmt"/>
        <line num="11" count="0" type="stmt"/>
        <line num="15" count="1" type="stmt"/>
        <line num="19" count="0" type="stmt"/>
        <line num="22" count="1" type="stmt"/>
        <line num="30" count="0" type="stmt"/>
        <line num="33" count="1" type="stmt"/>
        <line num="34" count="0" type="stmt"/>
        <line num="37" count="0" type="stmt"/>
        <line num="38" count="0" type="stmt"/>
      </file>
    </package>
  </project>
</coverage>
