<?xml version="1.0" encoding="UTF-8"?>
<coverage generated="1636643138712" clover="3.2.0">
  <project timestamp="1636643138712" name="All files">
    <metrics statements="11" coveredstatements="11" conditionals="0" coveredconditionals="0" methods="6" coveredmethods="6" elements="17" coveredelements="17" complexity="0" loc="11" ncloc="11" packages="1" files="1" classes="1"/>
    <file name="LoginForm.jsx" path="/home/alex/Desktop/Coding/Projects/exercise-tracker/src/components/LoginForm.jsx">
      <metrics statements="11" coveredstatements="11" conditionals="0" coveredconditionals="0" methods="6" coveredmethods="6"/>
      <line num="3" count="1" type="stmt"/>
      <line num="4" count="54" type="stmt"/>
      <line num="5" count="54" type="stmt"/>
      <line num="7" count="54" type="stmt"/>
      <line num="10" count="1" type="stmt"/>
      <line num="17" count="24" type="stmt"/>
      <line num="26" count="24" type="stmt"/>
      <line num="33" count="1" type="stmt"/>
      <line num="34" count="1" type="stmt"/>
      <line num="35" count="1" type="stmt"/>
      <line num="36" count="1" type="stmt"/>
    </file>
  </project>
</coverage>
