{"/home/alex/Desktop/Coding/Projects/exercise-tracker/src/__fixtures__/exercises.js": {"path":"/home/alex/Desktop/Coding/Projects/exercise-tracker/src/__fixtures__/exercises.js","statementMap":{"0":{"start":{"line":1,"column":18},"end":{"line":30,"column":1}}},"fnMap":{},"branchMap":{},"s":{"0":3},"f":{},"b":{},"_coverageSchema":"1a1c01bbd47fc00a2c39e90264f33305004495a9","hash":"80f1f86cbd87c2f19820b59f5302c231ca9e274b"}
,"/home/alex/Desktop/Coding/Projects/exercise-tracker/src/components/ExerciseForm.jsx": {"path":"/home/alex/Desktop/Coding/Projects/exercise-tracker/src/components/ExerciseForm.jsx","statementMap":{"0":{"start":{"line":6,"column":21},"end":{"line":82,"column":1}},"1":{"start":{"line":7,"column":40},"end":{"line":7,"column":52}},"2":{"start":{"line":8,"column":34},"end":{"line":8,"column":45}},"3":{"start":{"line":9,"column":26},"end":{"line":9,"column":64}},"4":{"start":{"line":10,"column":18},"end":{"line":10,"column":30}},"5":{"start":{"line":12,"column":2},"end":{"line":19,"column":17}},"6":{"start":{"line":13,"column":4},"end":{"line":18,"column":5}},"7":{"start":{"line":14,"column":44},"end":{"line":14,"column":52}},"8":{"start":{"line":15,"column":6},"end":{"line":15,"column":51}},"9":{"start":{"line":15,"column":23},"end":{"line":15,"column":51}},"10":{"start":{"line":16,"column":6},"end":{"line":16,"column":42}},"11":{"start":{"line":16,"column":20},"end":{"line":16,"column":42}},"12":{"start":{"line":17,"column":6},"end":{"line":17,"column":58}},"13":{"start":{"line":17,"column":16},"end":{"line":17,"column":58}},"14":{"start":{"line":21,"column":23},"end":{"line":34,"column":3}},"15":{"start":{"line":22,"column":4},"end":{"line":22,"column":23}},"16":{"start":{"line":23,"column":17},"end":{"line":23,"column":46}},"17":{"start":{"line":24,"column":18},"end":{"line":24,"column":47}},"18":{"start":{"line":25,"column":4},"end":{"line":33,"column":5}},"19":{"start":{"line":26,"column":18},"end":{"line":26,"column":65}},"20":{"start":{"line":27,"column":6},"end":{"line":27,"column":48}},"21":{"start":{"line":27,"column":30},"end":{"line":27,"column":48}},"22":{"start":{"line":29,"column":6},"end":{"line":31,"column":42}},"23":{"start":{"line":32,"column":6},"end":{"line":32,"column":24}},"24":{"start":{"line":36,"column":23},"end":{"line":45,"column":3}},"25":{"start":{"line":37,"column":4},"end":{"line":37,"column":23}},"26":{"start":{"line":38,"column":18},"end":{"line":38,"column":47}},"27":{"start":{"line":39,"column":4},"end":{"line":44,"column":5}},"28":{"start":{"line":40,"column":18},"end":{"line":40,"column":59}},"29":{"start":{"line":41,"column":6},"end":{"line":41,"column":48}},"30":{"start":{"line":41,"column":30},"end":{"line":41,"column":48}},"31":{"start":{"line":43,"column":6},"end":{"line":43,"column":60}},"32":{"start":{"line":47,"column":2},"end":{"line":81,"column":4}},"33":{"start":{"line":48,"column":25},"end":{"line":48,"column":40}},"34":{"start":{"line":55,"column":23},"end":{"line":55,"column":53}},"35":{"start":{"line":62,"column":23},"end":{"line":62,"column":50}},"36":{"start":{"line":69,"column":23},"end":{"line":69,"column":46}}},"fnMap":{"0":{"name":"(anonymous_0)","decl":{"start":{"line":6,"column":21},"end":{"line":6,"column":22}},"loc":{"start":{"line":6,"column":37},"end":{"line":82,"column":1}},"line":6},"1":{"name":"(anonymous_1)","decl":{"start":{"line":12,"column":12},"end":{"line":12,"column":13}},"loc":{"start":{"line":12,"column":18},"end":{"line":19,"column":3}},"line":12},"2":{"name":"(anonymous_2)","decl":{"start":{"line":21,"column":23},"end":{"line":21,"column":24}},"loc":{"start":{"line":21,"column":34},"end":{"line":34,"column":3}},"line":21},"3":{"name":"(anonymous_3)","decl":{"start":{"line":36,"column":23},"end":{"line":36,"column":24}},"loc":{"start":{"line":36,"column":34},"end":{"line":45,"column":3}},"line":36},"4":{"name":"(anonymous_4)","decl":{"start":{"line":48,"column":20},"end":{"line":48,"column":21}},"loc":{"start":{"line":48,"column":25},"end":{"line":48,"column":40}},"line":48},"5":{"name":"(anonymous_5)","decl":{"start":{"line":55,"column":18},"end":{"line":55,"column":19}},"loc":{"start":{"line":55,"column":23},"end":{"line":55,"column":53}},"line":55},"6":{"name":"(anonymous_6)","decl":{"start":{"line":62,"column":18},"end":{"line":62,"column":19}},"loc":{"start":{"line":62,"column":23},"end":{"line":62,"column":50}},"line":62},"7":{"name":"(anonymous_7)","decl":{"start":{"line":69,"column":18},"end":{"line":69,"column":19}},"loc":{"start":{"line":69,"column":23},"end":{"line":69,"column":46}},"line":69}},"branchMap":{"0":{"loc":{"start":{"line":13,"column":4},"end":{"line":18,"column":5}},"type":"if","locations":[{"start":{"line":13,"column":4},"end":{"line":18,"column":5}},{"start":{},"end":{}}],"line":13},"1":{"loc":{"start":{"line":15,"column":6},"end":{"line":15,"column":51}},"type":"if","locations":[{"start":{"line":15,"column":6},"end":{"line":15,"column":51}},{"start":{},"end":{}}],"line":15},"2":{"loc":{"start":{"line":16,"column":6},"end":{"line":16,"column":42}},"type":"if","locations":[{"start":{"line":16,"column":6},"end":{"line":16,"column":42}},{"start":{},"end":{}}],"line":16},"3":{"loc":{"start":{"line":17,"column":6},"end":{"line":17,"column":58}},"type":"if","locations":[{"start":{"line":17,"column":6},"end":{"line":17,"column":58}},{"start":{},"end":{}}],"line":17},"4":{"loc":{"start":{"line":25,"column":4},"end":{"line":33,"column":5}},"type":"if","locations":[{"start":{"line":25,"column":4},"end":{"line":33,"column":5}},{"start":{"line":28,"column":11},"end":{"line":33,"column":5}}],"line":25},"5":{"loc":{"start":{"line":27,"column":6},"end":{"line":27,"column":48}},"type":"if","locations":[{"start":{"line":27,"column":6},"end":{"line":27,"column":48}},{"start":{},"end":{}}],"line":27},"6":{"loc":{"start":{"line":29,"column":6},"end":{"line":31,"column":41}},"type":"cond-expr","locations":[{"start":{"line":30,"column":10},"end":{"line":30,"column":44}},{"start":{"line":31,"column":10},"end":{"line":31,"column":41}}],"line":29},"7":{"loc":{"start":{"line":39,"column":4},"end":{"line":44,"column":5}},"type":"if","locations":[{"start":{"line":39,"column":4},"end":{"line":44,"column":5}},{"start":{"line":42,"column":11},"end":{"line":44,"column":5}}],"line":39},"8":{"loc":{"start":{"line":39,"column":8},"end":{"line":39,"column":27}},"type":"binary-expr","locations":[{"start":{"line":39,"column":8},"end":{"line":39,"column":18}},{"start":{"line":39,"column":22},"end":{"line":39,"column":27}}],"line":39},"9":{"loc":{"start":{"line":41,"column":6},"end":{"line":41,"column":48}},"type":"if","locations":[{"start":{"line":41,"column":6},"end":{"line":41,"column":48}},{"start":{},"end":{}}],"line":41},"10":{"loc":{"start":{"line":73,"column":15},"end":{"line":73,"column":65}},"type":"cond-expr","locations":[{"start":{"line":73,"column":28},"end":{"line":73,"column":45}},{"start":{"line":73,"column":48},"end":{"line":73,"column":65}}],"line":73},"11":{"loc":{"start":{"line":75,"column":7},"end":{"line":79,"column":7}},"type":"cond-expr","locations":[{"start":{"line":76,"column":8},"end":{"line":76,"column":63}},{"start":{"line":78,"column":8},"end":{"line":78,"column":10}}],"line":75}},"s":{"0":1,"1":60,"2":60,"3":60,"4":60,"5":60,"6":9,"7":5,"8":5,"9":5,"10":5,"11":5,"12":5,"13":5,"14":60,"15":3,"16":3,"17":3,"18":3,"19":1,"20":0,"21":0,"22":2,"23":1,"24":60,"25":2,"26":2,"27":2,"28":1,"29":0,"30":0,"31":1,"32":60,"33":3,"34":31,"35":11,"36":4},"f":{"0":60,"1":9,"2":3,"3":2,"4":3,"5":31,"6":11,"7":4},"b":{"0":[5,4],"1":[5,0],"2":[5,0],"3":[5,0],"4":[1,2],"5":[0,0],"6":[1,1],"7":[1,1],"8":[2,2],"9":[0,0],"10":[18,42],"11":[18,42]},"_coverageSchema":"1a1c01bbd47fc00a2c39e90264f33305004495a9","hash":"72246fa060325cbaf5d94dad0154126ea3d03539"}
,"/home/alex/Desktop/Coding/Projects/exercise-tracker/src/components/ExerciseTable.jsx": {"path":"/home/alex/Desktop/Coding/Projects/exercise-tracker/src/components/ExerciseTable.jsx","statementMap":{"0":{"start":{"line":4,"column":22},"end":{"line":33,"column":1}},"1":{"start":{"line":5,"column":2},"end":{"line":32,"column":8}},"2":{"start":{"line":20,"column":10},"end":{"line":20,"column":65}}},"fnMap":{"0":{"name":"(anonymous_0)","decl":{"start":{"line":4,"column":22},"end":{"line":4,"column":23}},"loc":{"start":{"line":5,"column":2},"end":{"line":32,"column":8}},"line":5},"1":{"name":"(anonymous_1)","decl":{"start":{"line":19,"column":23},"end":{"line":19,"column":24}},"loc":{"start":{"line":20,"column":10},"end":{"line":20,"column":65}},"line":20}},"branchMap":{},"s":{"0":2,"1":4,"2":8},"f":{"0":4,"1":8},"b":{},"_coverageSchema":"1a1c01bbd47fc00a2c39e90264f33305004495a9","hash":"4ffc8e1d2f0f9035438898842c665e7a1013b18e"}
,"/home/alex/Desktop/Coding/Projects/exercise-tracker/src/components/ExercisesList.jsx": {"path":"/home/alex/Desktop/Coding/Projects/exercise-tracker/src/components/ExercisesList.jsx","statementMap":{"0":{"start":{"line":5,"column":21},"end":{"line":14,"column":1}},"1":{"start":{"line":6,"column":36},"end":{"line":6,"column":48}},"2":{"start":{"line":8,"column":2},"end":{"line":11,"column":9}},"3":{"start":{"line":9,"column":27},"end":{"line":9,"column":50}},"4":{"start":{"line":10,"column":4},"end":{"line":10,"column":33}},"5":{"start":{"line":13,"column":2},"end":{"line":13,"column":49}}},"fnMap":{"0":{"name":"(anonymous_0)","decl":{"start":{"line":5,"column":21},"end":{"line":5,"column":22}},"loc":{"start":{"line":5,"column":27},"end":{"line":14,"column":1}},"line":5},"1":{"name":"(anonymous_1)","decl":{"start":{"line":8,"column":12},"end":{"line":8,"column":13}},"loc":{"start":{"line":8,"column":24},"end":{"line":11,"column":3}},"line":8}},"branchMap":{},"s":{"0":1,"1":1,"2":1,"3":1,"4":0,"5":1},"f":{"0":1,"1":1},"b":{},"_coverageSchema":"1a1c01bbd47fc00a2c39e90264f33305004495a9","hash":"360e48b068b38aaee04e5c89783ec9d67ce4a002"}
,"/home/alex/Desktop/Coding/Projects/exercise-tracker/src/components/LoginForm.jsx": {"path":"/home/alex/Desktop/Coding/Projects/exercise-tracker/src/components/LoginForm.jsx","statementMap":{"0":{"start":{"line":3,"column":18},"end":{"line":42,"column":1}},"1":{"start":{"line":4,"column":34},"end":{"line":4,"column":46}},"2":{"start":{"line":5,"column":34},"end":{"line":5,"column":46}},"3":{"start":{"line":7,"column":2},"end":{"line":41,"column":4}},"4":{"start":{"line":10,"column":21},"end":{"line":10,"column":54}},"5":{"start":{"line":17,"column":23},"end":{"line":17,"column":50}},"6":{"start":{"line":26,"column":23},"end":{"line":26,"column":50}},"7":{"start":{"line":33,"column":10},"end":{"line":33,"column":50}},"8":{"start":{"line":34,"column":10},"end":{"line":34,"column":26}},"9":{"start":{"line":35,"column":10},"end":{"line":35,"column":26}}},"fnMap":{"0":{"name":"(anonymous_0)","decl":{"start":{"line":3,"column":18},"end":{"line":3,"column":19}},"loc":{"start":{"line":3,"column":44},"end":{"line":42,"column":1}},"line":3},"1":{"name":"(anonymous_1)","decl":{"start":{"line":10,"column":16},"end":{"line":10,"column":17}},"loc":{"start":{"line":10,"column":21},"end":{"line":10,"column":54}},"line":10},"2":{"name":"(anonymous_2)","decl":{"start":{"line":17,"column":18},"end":{"line":17,"column":19}},"loc":{"start":{"line":17,"column":23},"end":{"line":17,"column":50}},"line":17},"3":{"name":"(anonymous_3)","decl":{"start":{"line":26,"column":18},"end":{"line":26,"column":19}},"loc":{"start":{"line":26,"column":23},"end":{"line":26,"column":50}},"line":26},"4":{"name":"(anonymous_4)","decl":{"start":{"line":32,"column":17},"end":{"line":32,"column":18}},"loc":{"start":{"line":32,"column":28},"end":{"line":36,"column":9}},"line":32}},"branchMap":{},"s":{"0":1,"1":54,"2":54,"3":54,"4":1,"5":24,"6":24,"7":1,"8":1,"9":1},"f":{"0":54,"1":1,"2":24,"3":24,"4":1},"b":{},"_coverageSchema":"1a1c01bbd47fc00a2c39e90264f33305004495a9","hash":"4be7467005c0b25af5fcbdab88b6b45d9fba047d"}
,"/home/alex/Desktop/Coding/Projects/exercise-tracker/src/utils/exerciseAPI.js": {"path":"/home/alex/Desktop/Coding/Projects/exercise-tracker/src/utils/exerciseAPI.js","statementMap":{"0":{"start":{"line":3,"column":20},"end":{"line":40,"column":1}},"1":{"start":{"line":5,"column":4},"end":{"line":12,"column":5}},"2":{"start":{"line":6,"column":23},"end":{"line":10,"column":8}},"3":{"start":{"line":11,"column":6},"end":{"line":11,"column":22}},"4":{"start":{"line":15,"column":21},"end":{"line":18,"column":6}},"5":{"start":{"line":19,"column":4},"end":{"line":19,"column":20}},"6":{"start":{"line":22,"column":21},"end":{"line":29,"column":6}},"7":{"start":{"line":30,"column":4},"end":{"line":30,"column":20}},"8":{"start":{"line":33,"column":21},"end":{"line":33,"column":46}},"9":{"start":{"line":34,"column":4},"end":{"line":34,"column":27}},"10":{"start":{"line":37,"column":21},"end":{"line":37,"column":52}},"11":{"start":{"line":38,"column":4},"end":{"line":38,"column":27}}},"fnMap":{"0":{"name":"(anonymous_0)","decl":{"start":{"line":4,"column":7},"end":{"line":4,"column":8}},"loc":{"start":{"line":4,"column":30},"end":{"line":13,"column":3}},"line":4},"1":{"name":"(anonymous_1)","decl":{"start":{"line":14,"column":10},"end":{"line":14,"column":11}},"loc":{"start":{"line":14,"column":37},"end":{"line":20,"column":3}},"line":14},"2":{"name":"(anonymous_2)","decl":{"start":{"line":21,"column":10},"end":{"line":21,"column":11}},"loc":{"start":{"line":21,"column":43},"end":{"line":31,"column":3}},"line":21},"3":{"name":"(anonymous_3)","decl":{"start":{"line":32,"column":7},"end":{"line":32,"column":8}},"loc":{"start":{"line":32,"column":19},"end":{"line":35,"column":3}},"line":32},"4":{"name":"(anonymous_4)","decl":{"start":{"line":36,"column":11},"end":{"line":36,"column":12}},"loc":{"start":{"line":36,"column":23},"end":{"line":39,"column":3}},"line":36}},"branchMap":{"0":{"loc":{"start":{"line":5,"column":4},"end":{"line":12,"column":5}},"type":"if","locations":[{"start":{"line":5,"column":4},"end":{"line":12,"column":5}},{"start":{},"end":{}}],"line":5}},"s":{"0":2,"1":1,"2":1,"3":0,"4":1,"5":0,"6":1,"7":0,"8":1,"9":0,"10":0,"11":0},"f":{"0":1,"1":1,"2":1,"3":1,"4":0},"b":{"0":[1,0]},"_coverageSchema":"1a1c01bbd47fc00a2c39e90264f33305004495a9","hash":"d67024586863559938c7e76fda35a0c6d8a24143"}
}
