{"/home/alex/Desktop/Coding/Projects/exercise-tracker/src/components/LoginForm.jsx": {"path":"/home/alex/Desktop/Coding/Projects/exercise-tracker/src/components/LoginForm.jsx","statementMap":{"0":{"start":{"line":4,"column":18},"end":{"line":70,"column":1}},"1":{"start":{"line":5,"column":18},"end":{"line":5,"column":30}},"2":{"start":{"line":6,"column":34},"end":{"line":6,"column":46}},"3":{"start":{"line":7,"column":34},"end":{"line":7,"column":46}},"4":{"start":{"line":9,"column":23},"end":{"line":24,"column":3}},"5":{"start":{"line":10,"column":4},"end":{"line":10,"column":23}},"6":{"start":{"line":11,"column":17},"end":{"line":11,"column":37}},"7":{"start":{"line":13,"column":4},"end":{"line":23,"column":44}},"8":{"start":{"line":19,"column":8},"end":{"line":19,"column":24}},"9":{"start":{"line":20,"column":8},"end":{"line":20,"column":24}},"10":{"start":{"line":21,"column":8},"end":{"line":21,"column":31}},"11":{"start":{"line":23,"column":20},"end":{"line":23,"column":42}},"12":{"start":{"line":26,"column":22},"end":{"line":44,"column":3}},"13":{"start":{"line":27,"column":4},"end":{"line":27,"column":23}},"14":{"start":{"line":28,"column":17},"end":{"line":28,"column":37}},"15":{"start":{"line":30,"column":4},"end":{"line":43,"column":40}},"16":{"start":{"line":35,"column":19},"end":{"line":35,"column":29}},"17":{"start":{"line":37,"column":8},"end":{"line":37,"column":26}},"18":{"start":{"line":38,"column":8},"end":{"line":41,"column":9}},"19":{"start":{"line":39,"column":10},"end":{"line":39,"column":51}},"20":{"start":{"line":40,"column":10},"end":{"line":40,"column":28}},"21":{"start":{"line":43,"column":20},"end":{"line":43,"column":38}},"22":{"start":{"line":46,"column":2},"end":{"line":69,"column":4}},"23":{"start":{"line":53,"column":23},"end":{"line":53,"column":50}},"24":{"start":{"line":62,"column":23},"end":{"line":62,"column":50}}},"fnMap":{"0":{"name":"(anonymous_0)","decl":{"start":{"line":4,"column":18},"end":{"line":4,"column":19}},"loc":{"start":{"line":4,"column":24},"end":{"line":70,"column":1}},"line":4},"1":{"name":"(anonymous_1)","decl":{"start":{"line":9,"column":23},"end":{"line":9,"column":24}},"loc":{"start":{"line":9,"column":28},"end":{"line":24,"column":3}},"line":9},"2":{"name":"(anonymous_2)","decl":{"start":{"line":18,"column":12},"end":{"line":18,"column":13}},"loc":{"start":{"line":18,"column":18},"end":{"line":22,"column":7}},"line":18},"3":{"name":"(anonymous_3)","decl":{"start":{"line":23,"column":13},"end":{"line":23,"column":14}},"loc":{"start":{"line":23,"column":20},"end":{"line":23,"column":42}},"line":23},"4":{"name":"(anonymous_4)","decl":{"start":{"line":26,"column":22},"end":{"line":26,"column":23}},"loc":{"start":{"line":26,"column":27},"end":{"line":44,"column":3}},"line":26},"5":{"name":"(anonymous_5)","decl":{"start":{"line":35,"column":12},"end":{"line":35,"column":13}},"loc":{"start":{"line":35,"column":19},"end":{"line":35,"column":29}},"line":35},"6":{"name":"(anonymous_6)","decl":{"start":{"line":36,"column":12},"end":{"line":36,"column":13}},"loc":{"start":{"line":36,"column":20},"end":{"line":42,"column":7}},"line":36},"7":{"name":"(anonymous_7)","decl":{"start":{"line":43,"column":13},"end":{"line":43,"column":14}},"loc":{"start":{"line":43,"column":20},"end":{"line":43,"column":38}},"line":43},"8":{"name":"(anonymous_8)","decl":{"start":{"line":53,"column":18},"end":{"line":53,"column":19}},"loc":{"start":{"line":53,"column":23},"end":{"line":53,"column":50}},"line":53},"9":{"name":"(anonymous_9)","decl":{"start":{"line":62,"column":18},"end":{"line":62,"column":19}},"loc":{"start":{"line":62,"column":23},"end":{"line":62,"column":50}},"line":62}},"branchMap":{"0":{"loc":{"start":{"line":38,"column":8},"end":{"line":41,"column":9}},"type":"if","locations":[{"start":{"line":38,"column":8},"end":{"line":41,"column":9}},{"start":{},"end":{}}],"line":38}},"s":{"0":1,"1":1,"2":1,"3":1,"4":1,"5":0,"6":0,"7":0,"8":0,"9":0,"10":0,"11":0,"12":1,"13":0,"14":0,"15":0,"16":0,"17":0,"18":0,"19":0,"20":0,"21":0,"22":1,"23":0,"24":0},"f":{"0":1,"1":0,"2":0,"3":0,"4":0,"5":0,"6":0,"7":0,"8":0,"9":0},"b":{"0":[0,0]},"_coverageSchema":"1a1c01bbd47fc00a2c39e90264f33305004495a9","hash":"30436d5c6030f7cdf307d01c18d516b2dbbb84b7"}
}
