TN:
SF:src/components/LoginForm.jsx
FN:4,(anonymous_0)
FN:9,(anonymous_1)
FN:18,(anonymous_2)
FN:23,(anonymous_3)
FN:26,(anonymous_4)
FN:35,(anonymous_5)
FN:36,(anonymous_6)
FN:43,(anonymous_7)
FN:53,(anonymous_8)
FN:62,(anonymous_9)
FNF:10
FNH:1
FNDA:1,(anonymous_0)
FNDA:0,(anonymous_1)
FNDA:0,(anonymous_2)
FNDA:0,(anonymous_3)
FNDA:0,(anonymous_4)
FNDA:0,(anonymous_5)
FNDA:0,(anonymous_6)
FNDA:0,(anonymous_7)
FNDA:0,(anonymous_8)
FNDA:0,(anonymous_9)
DA:4,1
DA:5,1
DA:6,1
DA:7,1
DA:9,1
DA:10,0
DA:11,0
DA:13,0
DA:19,0
DA:20,0
DA:21,0
DA:23,0
DA:26,1
DA:27,0
DA:28,0
DA:30,0
DA:35,0
DA:37,0
DA:38,0
DA:39,0
DA:40,0
DA:43,0
DA:46,1
DA:53,0
DA:62,0
LF:25
LH:7
BRDA:38,0,0,0
BRDA:38,0,1,0
BRF:2
BRH:0
end_of_record
